------------------------------------------嘍囉---------老大----------嘍囉----------老二---------嘍囉-----------老三--------嘍囉------------老四-------嘍囉-------------老五------嘍囉--------------老六-----嘍囉---------------老七----嘍囉----------------爺爺--蝎子嘍囉蛇精------------------------------
------------------------------------------嘍囉---------老大---------嘍囉-----------老二---------嘍囉-----------老三--------嘍囉------------老四-------嘍囉-------------老五------嘍囉--------------老六-----嘍囉---------------老七----嘍囉----------------爺爺--蝎子嘍囉蛇精------------------------------
-----------------------------------------嘍囉----------老大---------嘍囉-----------老二---------嘍囉-----------老三--------嘍囉------------老四-------嘍囉-------------老五------嘍囉--------------老六-----嘍囉---------------老七----嘍囉----------------爺爺--蝎子嘍囉蛇精------------------------------
-----------------------------------------嘍囉-----------老大--------嘍囉-----------老二---------嘍囉-----------老三--------嘍囉------------老四-------嘍囉-------------老五------嘍囉--------------老六-----嘍囉---------------老七----嘍囉----------------爺爺--蝎子嘍囉蛇精------------------------------
-----------------------------------------嘍囉-----------老大--------嘍囉------------老二--------嘍囉-----------老三--------嘍囉------------老四-------嘍囉-------------老五------嘍囉--------------老六-----嘍囉---------------老七----嘍囉----------------爺爺--蝎子嘍囉蛇精------------------------------
-----------------------------------------嘍囉-----------老大--------嘍囉------------老二-------嘍囉------------老三--------嘍囉------------老四-------嘍囉-------------老五------嘍囉--------------老六-----嘍囉---------------老七----嘍囉----------------爺爺--蝎子嘍囉蛇精------------------------------
-----------------------------------------嘍囉-----------老大--------嘍囉------------老二-------嘍囉------------老三--------嘍囉------------老四-------嘍囉-------------老五------嘍囉--------------老六-----嘍囉----------------老七---嘍囉----------------爺爺--蝎子嘍囉蛇精------------------------------
-----------------------------------------嘍囉-----------老大--------嘍囉------------老二-------嘍囉------------老三-------嘍囉-------------老四-------嘍囉-------------老五------嘍囉--------------老六-----嘍囉----------------老七---嘍囉----------------爺爺--蝎子嘍囉蛇精------------------------------
-----------------------------------------嘍囉-----------老大--------嘍囉------------老二-------嘍囉------------老三-------嘍囉--------------老四------嘍囉-------------老五------嘍囉--------------老六-----嘍囉----------------老七---嘍囉----------------爺爺--蝎子嘍囉蛇精------------------------------
-----------------------------------------嘍囉-----------老大--------嘍囉------------老二-------嘍囉------------老三-------嘍囉--------------老四------嘍囉-------------老五------嘍囉--------------老六-----嘍囉----------------老七---嘍囉----------------爺爺--蝎子嘍囉蛇精------------------------------
-----------------------------------------嘍囉-----------老大--------嘍囉------------老二-------嘍囉------------老三-------嘍囉--------------老四------嘍囉--------------老五-----嘍囉--------------老六-----嘍囉----------------老七---嘍囉----------------爺爺--蝎子嘍囉蛇精------------------------------
-----------------------------------------嘍囉-----------老大--------嘍囉------------老二-------嘍囉------------老三-------嘍囉--------------老四------嘍囉--------------老五----嘍囉---------------老六-----嘍囉----------------老七---嘍囉----------------爺爺--蝎子嘍囉蛇精------------------------------
-----------------------------------------嘍囉-----------老大--------嘍囉------------老二-------嘍囉------------老三-------嘍囉--------------老四------嘍囉--------------老五----嘍囉---------------老六----嘍囉-----------------老七---嘍囉----------------爺爺--蝎子嘍囉蛇精------------------------------
-----------------------------------------嘍囉-----------老大--------嘍囉------------老二-------嘍囉------------老三-------嘍囉--------------老四------嘍囉--------------老五----嘍囉----------------老六---嘍囉-----------------老七---嘍囉----------------爺爺--蝎子嘍囉蛇精------------------------------
-----------------------------------------嘍囉-----------老大--------嘍囉------------老二-------嘍囉-------------老三------嘍囉--------------老四------嘍囉--------------老五----嘍囉----------------老六---嘍囉-----------------老七---嘍囉----------------爺爺--蝎子嘍囉蛇精------------------------------
-----------------------------------------嘍囉-----------老大--------嘍囉------------老二-------嘍囉-------------老三------嘍囉--------------老四------嘍囉--------------老五----嘍囉----------------老六---嘍囉-----------------老七--嘍囉-----------------爺爺--蝎子嘍囉蛇精------------------------------
-----------------------------------------嘍囉-----------老大--------嘍囉------------老二-------嘍囉-------------老三------嘍囉--------------老四------嘍囉--------------老五----嘍囉----------------老六---嘍囉-----------------老七--嘍囉------------------爺爺-蝎子嘍囉蛇精------------------------------
-----------------------------------------嘍囉-----------老大--------嘍囉------------老二-------嘍囉-------------老三------嘍囉--------------老四------嘍囉--------------老五----嘍囉----------------老六---嘍囉-----------------老七--嘍囉------------------爺爺-蝎子嘍囉蛇精------------------------------
-----------------------------------------嘍囉-----------老大--------嘍囉------------老二-------嘍囉-------------老三------嘍囉--------------老四------嘍囉--------------老五----嘍囉----------------老六---嘍囉-----------------老七--嘍囉------------------爺爺-蝎子嘍囉蛇精------------------------------
-----------------------------------------嘍囉-----------老大--------嘍囉------------老二-------嘍囉-------------老三------嘍囉--------------老四-----嘍囉---------------老五----嘍囉----------------老六---嘍囉-----------------老七--嘍囉------------------爺爺-蝎子嘍囉蛇精------------------------------
-----------------------------------------嘍囉-----------老大-------嘍囉-------------老二-------嘍囉-------------老三------嘍囉--------------老四-----嘍囉---------------老五----嘍囉----------------老六---嘍囉-----------------老七--嘍囉------------------爺爺-蝎子嘍囉蛇精------------------------------
----------------------------------------嘍囉------------老大-------嘍囉-------------老二-------嘍囉-------------老三------嘍囉--------------老四-----嘍囉---------------老五----嘍囉----------------老六---嘍囉-----------------老七--嘍囉------------------爺爺-蝎子嘍囉蛇精------------------------------
----------------------------------------嘍囉-------------老大------嘍囉-------------老二-------嘍囉-------------老三------嘍囉--------------老四-----嘍囉---------------老五----嘍囉----------------老六---嘍囉-----------------老七--嘍囉------------------爺爺-蝎子嘍囉蛇精------------------------------
----------------------------------------嘍囉-------------老大------嘍囉--------------老二------嘍囉-------------老三------嘍囉--------------老四-----嘍囉---------------老五----嘍囉----------------老六---嘍囉-----------------老七--嘍囉------------------爺爺-蝎子嘍囉蛇精------------------------------
----------------------------------------嘍囉-------------老大------嘍囉--------------老二-----嘍囉--------------老三------嘍囉--------------老四-----嘍囉---------------老五----嘍囉----------------老六---嘍囉-----------------老七--嘍囉------------------爺爺-蝎子嘍囉蛇精------------------------------
----------------------------------------嘍囉-------------老大------嘍囉--------------老二-----嘍囉--------------老三------嘍囉--------------老四-----嘍囉---------------老五----嘍囉----------------老六---嘍囉------------------老七-嘍囉------------------爺爺-蝎子嘍囉蛇精------------------------------
----------------------------------------嘍囉-------------老大------嘍囉--------------老二-----嘍囉--------------老三-----嘍囉---------------老四-----嘍囉---------------老五----嘍囉----------------老六---嘍囉------------------老七-嘍囉------------------爺爺-蝎子嘍囉蛇精------------------------------
----------------------------------------嘍囉-------------老大------嘍囉--------------老二-----嘍囉--------------老三-----嘍囉----------------老四----嘍囉---------------老五----嘍囉----------------老六---嘍囉------------------老七-嘍囉------------------爺爺-蝎子嘍囉蛇精------------------------------
----------------------------------------嘍囉-------------老大------嘍囉--------------老二-----嘍囉--------------老三-----嘍囉----------------老四----嘍囉---------------老五----嘍囉----------------老六---嘍囉------------------老七-嘍囉------------------爺爺-蝎子嘍囉蛇精------------------------------
----------------------------------------嘍囉-------------老大------嘍囉--------------老二-----嘍囉--------------老三-----嘍囉----------------老四----嘍囉----------------老五---嘍囉----------------老六---嘍囉------------------老七-嘍囉------------------爺爺-蝎子嘍囉蛇精------------------------------
----------------------------------------嘍囉-------------老大------嘍囉--------------老二-----嘍囉--------------老三-----嘍囉----------------老四----嘍囉----------------老五--嘍囉-----------------老六---嘍囉------------------老七-嘍囉------------------爺爺-蝎子嘍囉蛇精------------------------------
----------------------------------------嘍囉-------------老大------嘍囉--------------老二-----嘍囉--------------老三-----嘍囉----------------老四----嘍囉----------------老五--嘍囉-----------------老六--嘍囉-------------------老七-嘍囉------------------爺爺-蝎子嘍囉蛇精------------------------------
----------------------------------------嘍囉-------------老大------嘍囉--------------老二-----嘍囉--------------老三-----嘍囉----------------老四----嘍囉----------------老五--嘍囉------------------老六-嘍囉-------------------老七-嘍囉------------------爺爺-蝎子嘍囉蛇精------------------------------
----------------------------------------嘍囉-------------老大------嘍囉--------------老二-----嘍囉---------------老三----嘍囉----------------老四----嘍囉----------------老五--嘍囉------------------老六-嘍囉-------------------老七-嘍囉------------------爺爺-蝎子嘍囉蛇精------------------------------
----------------------------------------嘍囉-------------老大------嘍囉--------------老二-----嘍囉---------------老三----嘍囉----------------老四----嘍囉----------------老五--嘍囉------------------老六-嘍囉-------------------老七-嘍囉------------------爺爺-蝎子嘍囉蛇精------------------------------
----------------------------------------嘍囉-------------老大------嘍囉--------------老二-----嘍囉---------------老三----嘍囉----------------老四----嘍囉----------------老五--嘍囉------------------老六-嘍囉-------------------老七-嘍囉-------------------爺爺蝎子嘍囉蛇精------------------------------
----------------------------------------嘍囉-------------老大------嘍囉--------------老二-----嘍囉---------------老三----嘍囉----------------老四----嘍囉----------------老五--嘍囉------------------老六-嘍囉-------------------老七-嘍囉-------------------蝎子卒爺爺嘍囉蛇精------------------------------
----------------------------------------嘍囉-------------老大------嘍囉--------------老二-----嘍囉---------------老三----嘍囉----------------老四----嘍囉----------------老五--嘍囉------------------老六-嘍囉-------------------老七-嘍囉-------------------蝎子卒嘍囉卒爺爺蛇精------------------------------
----------------------------------------嘍囉-------------老大------嘍囉--------------老二-----嘍囉---------------老三----嘍囉----------------老四---嘍囉-----------------老五--嘍囉------------------老六-嘍囉-------------------老七-嘍囉-------------------蝎子卒嘍囉卒爺爺蛇精------------------------------
----------------------------------------嘍囉-------------老大-----嘍囉---------------老二-----嘍囉---------------老三----嘍囉----------------老四---嘍囉-----------------老五--嘍囉------------------老六-嘍囉-------------------老七-嘍囉-------------------蝎子卒嘍囉卒爺爺蛇精------------------------------
---------------------------------------嘍囉--------------老大-----嘍囉---------------老二-----嘍囉---------------老三----嘍囉----------------老四---嘍囉-----------------老五--嘍囉------------------老六-嘍囉-------------------老七-嘍囉-------------------蝎子卒嘍囉卒爺爺蛇精------------------------------
---------------------------------------嘍囉---------------老大----嘍囉---------------老二-----嘍囉---------------老三----嘍囉----------------老四---嘍囉-----------------老五--嘍囉------------------老六-嘍囉-------------------老七-嘍囉-------------------蝎子卒嘍囉卒爺爺蛇精------------------------------
---------------------------------------嘍囉---------------老大----嘍囉----------------老二----嘍囉---------------老三----嘍囉----------------老四---嘍囉-----------------老五--嘍囉------------------老六-嘍囉-------------------老七-嘍囉-------------------蝎子卒嘍囉卒爺爺蛇精------------------------------
---------------------------------------嘍囉---------------老大----嘍囉----------------老二---嘍囉----------------老三----嘍囉----------------老四---嘍囉-----------------老五--嘍囉------------------老六-嘍囉-------------------老七-嘍囉-------------------蝎子卒嘍囉卒爺爺蛇精------------------------------
---------------------------------------嘍囉---------------老大----嘍囉----------------老二---嘍囉----------------老三----嘍囉----------------老四---嘍囉-----------------老五--嘍囉------------------老六-嘍囉--------------------老七嘍囉-------------------蝎子卒嘍囉卒爺爺蛇精------------------------------
---------------------------------------嘍囉---------------老大----嘍囉----------------老二---嘍囉----------------老三---嘍囉-----------------老四---嘍囉-----------------老五--嘍囉------------------老六-嘍囉--------------------老七嘍囉-------------------蝎子卒嘍囉卒爺爺蛇精------------------------------
---------------------------------------嘍囉---------------老大----嘍囉----------------老二---嘍囉----------------老三---嘍囉------------------老四--嘍囉-----------------老五--嘍囉------------------老六-嘍囉--------------------老七嘍囉-------------------蝎子卒嘍囉卒爺爺蛇精------------------------------
---------------------------------------嘍囉---------------老大----嘍囉----------------老二---嘍囉----------------老三---嘍囉------------------老四--嘍囉-----------------老五--嘍囉------------------老六-嘍囉--------------------老七嘍囉-------------------蝎子卒嘍囉卒蛇精卒爺爺------------------------------
---------------------------------------嘍囉---------------老大----嘍囉----------------老二---嘍囉----------------老三---嘍囉------------------老四--嘍囉------------------老五-嘍囉------------------老六-嘍囉--------------------老七嘍囉-------------------蝎子卒嘍囉卒蛇精卒爺爺------------------------------
---------------------------------------嘍囉---------------老大----嘍囉----------------老二---嘍囉----------------老三---嘍囉------------------老四--嘍囉------------------老五嘍囉-------------------老六-嘍囉--------------------老七嘍囉-------------------蝎子卒嘍囉卒蛇精卒爺爺------------------------------
---------------------------------------嘍囉---------------老大----嘍囉----------------老二---嘍囉----------------老三---嘍囉------------------老四--嘍囉------------------老五嘍囉-------------------老六-嘍囉--------------------老七嘍囉-------------------蝎子卒嘍囉卒蛇精卒爺爺------------------------------
---------------------------------------嘍囉---------------老大----嘍囉----------------老二---嘍囉----------------老三---嘍囉------------------老四--嘍囉------------------老五嘍囉--------------------老六嘍囉--------------------老七嘍囉-------------------蝎子卒嘍囉卒蛇精卒爺爺------------------------------
---------------------------------------嘍囉---------------老大----嘍囉----------------老二---嘍囉-----------------老三--嘍囉------------------老四--嘍囉------------------老五嘍囉--------------------老六嘍囉--------------------老七嘍囉-------------------蝎子卒嘍囉卒蛇精卒爺爺------------------------------
---------------------------------------嘍囉---------------老大----嘍囉----------------老二---嘍囉-----------------老三--嘍囉------------------老四--嘍囉------------------老五嘍囉--------------------老六嘍囉--------------------嘍囉卒老七-------------------蝎子卒嘍囉卒蛇精卒爺爺------------------------------
---------------------------------------嘍囉---------------老大----嘍囉----------------老二---嘍囉-----------------老三--嘍囉------------------老四--嘍囉------------------老五嘍囉--------------------老六嘍囉--------------------嘍囉卒老七-------------------蝎子卒嘍囉卒蛇精卒爺爺------------------------------
---------------------------------------嘍囉---------------老大----嘍囉----------------老二---嘍囉-----------------老三--嘍囉------------------老四-嘍囉-------------------老五嘍囉--------------------老六嘍囉--------------------嘍囉卒老七-------------------蝎子卒嘍囉卒蛇精卒爺爺------------------------------
---------------------------------------嘍囉---------------老大---嘍囉-----------------老二---嘍囉-----------------老三--嘍囉------------------老四-嘍囉-------------------老五嘍囉--------------------老六嘍囉--------------------嘍囉卒老七-------------------蝎子卒嘍囉卒蛇精卒爺爺------------------------------
--------------------------------------嘍囉----------------老大---嘍囉-----------------老二---嘍囉-----------------老三--嘍囉------------------老四-嘍囉-------------------老五嘍囉--------------------老六嘍囉--------------------嘍囉卒老七-------------------蝎子卒嘍囉卒蛇精卒爺爺------------------------------
--------------------------------------嘍囉-----------------老大--嘍囉-----------------老二---嘍囉-----------------老三--嘍囉------------------老四-嘍囉-------------------老五嘍囉--------------------老六嘍囉--------------------嘍囉卒老七-------------------蝎子卒嘍囉卒蛇精卒爺爺------------------------------
--------------------------------------嘍囉-----------------老大--嘍囉------------------老二--嘍囉-----------------老三--嘍囉------------------老四-嘍囉-------------------老五嘍囉--------------------老六嘍囉--------------------嘍囉卒老七-------------------蝎子卒嘍囉卒蛇精卒爺爺------------------------------
--------------------------------------嘍囉-----------------老大--嘍囉------------------老二-嘍囉------------------老三--嘍囉------------------老四-嘍囉-------------------老五嘍囉--------------------老六嘍囉--------------------嘍囉卒老七-------------------蝎子卒嘍囉卒蛇精卒爺爺------------------------------
--------------------------------------嘍囉-----------------老大--嘍囉------------------老二-嘍囉------------------老三--嘍囉------------------老四-嘍囉-------------------老五嘍囉--------------------老六嘍囉--------------------嘍囉卒老七-------------------蝎子卒嘍囉卒蛇精卒爺爺------------------------------
--------------------------------------嘍囉-----------------老大--嘍囉------------------老二-嘍囉------------------老三-嘍囉-------------------老四-嘍囉-------------------老五嘍囉--------------------老六嘍囉--------------------嘍囉卒老七-------------------蝎子卒嘍囉卒蛇精卒爺爺------------------------------
--------------------------------------嘍囉-----------------老大--嘍囉------------------老二-嘍囉------------------老三-嘍囉--------------------老四嘍囉-------------------老五嘍囉--------------------老六嘍囉--------------------嘍囉卒老七-------------------蝎子卒嘍囉卒蛇精卒爺爺------------------------------
--------------------------------------嘍囉-----------------老大--嘍囉------------------老二-嘍囉------------------老三-嘍囉--------------------老四嘍囉-------------------嘍囉卒老五--------------------老六嘍囉--------------------嘍囉卒老七-------------------蝎子卒嘍囉卒蛇精卒爺爺------------------------------
--------------------------------------嘍囉-----------------老大--嘍囉------------------老二-嘍囉------------------老三-嘍囉--------------------老四嘍囉-------------------嘍囉卒老五--------------------嘍囉卒老六--------------------嘍囉卒老七-------------------蝎子卒嘍囉卒蛇精卒爺爺------------------------------
--------------------------------------嘍囉-----------------老大--嘍囉------------------老二-嘍囉------------------老三-嘍囉--------------------老四嘍囉-------------------嘍囉卒老五--------------------嘍囉卒老六--------------------嘍囉卒老七-------------------蝎子卒嘍囉卒蛇精卒爺爺------------------------------
--------------------------------------嘍囉-----------------老大--嘍囉------------------老二-嘍囉-------------------老三嘍囉--------------------老四嘍囉-------------------嘍囉卒老五--------------------嘍囉卒老六--------------------嘍囉卒老七-------------------蝎子卒嘍囉卒蛇精卒爺爺------------------------------
--------------------------------------嘍囉-----------------老大--嘍囉------------------老二-嘍囉-------------------老三嘍囉--------------------老四嘍囉-------------------嘍囉卒老五--------------------嘍囉卒老六--------------------嘍囉卒老七-------------------蝎子卒嘍囉卒蛇精卒爺爺------------------------------
--------------------------------------嘍囉-----------------老大--嘍囉------------------老二-嘍囉-------------------老三嘍囉--------------------嘍囉卒老四-------------------嘍囉卒老五--------------------嘍囉卒老六--------------------嘍囉卒老七-------------------蝎子卒嘍囉卒蛇精卒爺爺------------------------------
--------------------------------------嘍囉-----------------老大-嘍囉-------------------老二-嘍囉-------------------老三嘍囉--------------------嘍囉卒老四-------------------嘍囉卒老五--------------------嘍囉卒老六--------------------嘍囉卒老七-------------------蝎子卒嘍囉卒蛇精卒爺爺------------------------------
-------------------------------------嘍囉------------------老大-嘍囉-------------------老二-嘍囉-------------------老三嘍囉--------------------嘍囉卒老四-------------------嘍囉卒老五--------------------嘍囉卒老六--------------------嘍囉卒老七-------------------蝎子卒嘍囉卒蛇精卒爺爺------------------------------
----------------------------------老大--嘍囉--------------------嘍囉-------------------老二-嘍囉-------------------老三嘍囉--------------------嘍囉卒老四-------------------嘍囉卒老五--------------------嘍囉卒老六--------------------嘍囉卒老七-------------------蝎子卒嘍囉卒蛇精卒爺爺------------------------------
----------------------------------老大--嘍囉------------------老二-嘍囉---------------------嘍囉-------------------老三嘍囉--------------------嘍囉卒老四-------------------嘍囉卒老五--------------------嘍囉卒老六--------------------嘍囉卒老七-------------------蝎子卒嘍囉卒蛇精卒爺爺------------------------------
----------------------------------老大--嘍囉------------------老二-嘍囉--------------------嘍囉--------------------老三嘍囉--------------------嘍囉卒老四-------------------嘍囉卒老五--------------------嘍囉卒老六--------------------嘍囉卒老七-------------------蝎子卒嘍囉卒蛇精卒爺爺------------------------------
----------------------------------老大--嘍囉------------------老二-嘍囉--------------------嘍囉--------------------老三嘍囉--------------------嘍囉卒老四-------------------嘍囉卒老五--------------------嘍囉卒老六--------------------嘍囉卒老七-------------------蝎子卒嘍囉卒蛇精卒爺爺------------------------------
----------------------------------老大--嘍囉------------------老二-嘍囉--------------------嘍囉--------------------嘍囉卒老三--------------------嘍囉卒老四-------------------嘍囉卒老五--------------------嘍囉卒老六--------------------嘍囉卒老七-------------------蝎子卒嘍囉卒蛇精卒爺爺------------------------------
----------------------------------老大--嘍囉------------------老二-嘍囉--------------------嘍囉--------------------嘍囉卒老三--------------------嘍囉卒老四-------------------嘍囉卒老五--------------------嘍囉卒老六--------------------嘍囉卒老七-------------------蝎子卒嘍囉卒蛇精卒爺爺------------------------------
----------------------------------老大--嘍囉------------------老二-嘍囉--------------------嘍囉--------------------嘍囉卒老三--------------------嘍囉卒老四-------------------嘍囉卒老五--------------------嘍囉卒老六--------------------嘍囉卒老七-------------------蝎子卒嘍囉卒蛇精卒爺爺------------------------------
----------------------------------老大--嘍囉------------------老二-嘍囉--------------------嘍囉--------------------嘍囉卒老三--------------------嘍囉卒老四-------------------嘍囉卒老五--------------------嘍囉卒老六--------------------嘍囉卒老七-------------------蝎子卒嘍囉卒蛇精卒爺爺------------------------------
----------------------------------老大--嘍囉------------------老二-嘍囉--------------------老三卒--------------------嘍囉卒嘍囉--------------------嘍囉卒老四-------------------嘍囉卒老五--------------------嘍囉卒老六--------------------嘍囉卒老七-------------------蝎子卒嘍囉卒蛇精卒爺爺------------------------------
----------------------------------老大--嘍囉------------------老二-嘍囉--------------------老三卒--------------------嘍囉卒嘍囉--------------------嘍囉卒老四-------------------嘍囉卒老五--------------------嘍囉卒老六--------------------嘍囉卒老七-------------------蝎子卒嘍囉卒蛇精卒爺爺------------------------------
----------------------------------老大--嘍囉------------------老二嘍囉---------------------老三卒--------------------嘍囉卒嘍囉--------------------嘍囉卒老四-------------------嘍囉卒老五--------------------嘍囉卒老六--------------------嘍囉卒老七-------------------蝎子卒嘍囉卒蛇精卒爺爺------------------------------
----------------------------------老大-嘍囉-------------------老二嘍囉---------------------老三卒--------------------嘍囉卒嘍囉--------------------嘍囉卒老四-------------------嘍囉卒老五--------------------嘍囉卒老六--------------------嘍囉卒老七-------------------蝎子卒嘍囉卒蛇精卒爺爺------------------------------
----------------------------------老大-嘍囉-------------------老二嘍囉---------------------老三卒--------------------嘍囉卒嘍囉--------------------嘍囉卒老四-------------------嘍囉卒老五--------------------嘍囉卒老六--------------------嘍囉卒老七-------------------蝎子卒嘍囉卒蛇精卒爺爺------------------------------
----------------------------------老大-嘍囉-------------------嘍囉卒老二---------------------老三卒--------------------嘍囉卒嘍囉--------------------嘍囉卒老四-------------------嘍囉卒老五--------------------嘍囉卒老六--------------------嘍囉卒老七-------------------蝎子卒嘍囉卒蛇精卒爺爺------------------------------
----------------------------------老大-嘍囉-------------------嘍囉卒老二---------------------老三卒--------------------嘍囉卒嘍囉--------------------嘍囉卒老四-------------------嘍囉卒老五--------------------嘍囉卒老六--------------------嘍囉卒老七-------------------蝎子卒嘍囉卒蛇精卒爺爺------------------------------
----------------------------------老大-嘍囉-------------------嘍囉卒老二---------------------老三卒--------------------嘍囉卒嘍囉--------------------嘍囉卒老四-------------------嘍囉卒老五--------------------嘍囉卒老六--------------------嘍囉卒老七-------------------蝎子卒嘍囉卒蛇精卒爺爺------------------------------
----------------------------------老大-嘍囉-------------------嘍囉卒老二---------------------老三卒--------------------嘍囉卒老四--------------------嘍囉卒嘍囉卒-------------------嘍囉卒老五--------------------嘍囉卒老六--------------------嘍囉卒老七-------------------蝎子卒嘍囉卒蛇精卒爺爺------------------------------
----------------------------------老大-嘍囉-------------------嘍囉卒老二---------------------老三卒--------------------嘍囉卒老四--------------------嘍囉卒嘍囉卒-------------------嘍囉卒老五--------------------嘍囉卒老六--------------------嘍囉卒老七-------------------蝎子卒嘍囉卒蛇精卒爺爺------------------------------
----------------------------------老大-嘍囉-------------------嘍囉卒老二---------------------老三卒--------------------嘍囉卒老四--------------------嘍囉卒嘍囉卒-------------------嘍囉卒老五--------------------嘍囉卒老六--------------------嘍囉卒老七-------------------蝎子卒嘍囉卒蛇精卒爺爺------------------------------
----------------------------------老大-嘍囉-------------------嘍囉卒老二---------------------老三卒--------------------嘍囉卒老四--------------------嘍囉卒嘍囉卒-------------------嘍囉卒老五--------------------嘍囉卒老六--------------------嘍囉卒老七-------------------蝎子卒嘍囉卒蛇精卒爺爺------------------------------
----------------------------------老大嘍囉--------------------嘍囉卒老二---------------------老三卒--------------------嘍囉卒老四--------------------嘍囉卒嘍囉卒-------------------嘍囉卒老五--------------------嘍囉卒老六--------------------嘍囉卒老七-------------------蝎子卒嘍囉卒蛇精卒爺爺------------------------------
----------------------------------嘍囉卒老大--------------------嘍囉卒老二---------------------老三卒--------------------嘍囉卒老四--------------------嘍囉卒嘍囉卒-------------------嘍囉卒老五--------------------嘍囉卒老六--------------------嘍囉卒老七-------------------蝎子卒嘍囉卒蛇精卒爺爺------------------------------
----------------------------------嘍囉卒老大--------------------嘍囉卒老二---------------------老三卒--------------------嘍囉卒老四--------------------嘍囉卒嘍囉卒-------------------嘍囉卒老五--------------------嘍囉卒老六--------------------嘍囉卒老七-------------------蝎子卒嘍囉卒蛇精卒爺爺------------------------------
----------------------------------嘍囉卒老大--------------------嘍囉卒老二---------------------老三卒--------------------嘍囉卒老四--------------------嘍囉卒嘍囉卒-------------------嘍囉卒老五--------------------嘍囉卒老六--------------------嘍囉卒老七-------------------蝎子卒嘍囉卒蛇精卒爺爺------------------------------
----------------------------------嘍囉卒老大--------------------嘍囉卒老二---------------------老三卒--------------------嘍囉卒老四--------------------嘍囉卒嘍囉卒-------------------嘍囉卒老五--------------------嘍囉卒老六--------------------嘍囉卒老七-------------------蝎子卒嘍囉卒蛇精卒爺爺------------------------------
----------------------------------嘍囉卒老大--------------------嘍囉卒老二---------------------老三卒--------------------嘍囉卒老四--------------------嘍囉卒嘍囉卒-------------------嘍囉卒老五--------------------嘍囉卒老六--------------------嘍囉卒老七-------------------蝎子卒嘍囉卒蛇精卒爺爺------------------------------
----------------------------------嘍囉卒老大--------------------嘍囉卒老二---------------------老三卒--------------------嘍囉卒老四--------------------嘍囉卒嘍囉卒-------------------嘍囉卒老五--------------------嘍囉卒老六--------------------嘍囉卒老七-------------------蝎子卒嘍囉卒蛇精卒爺爺------------------------------
----------------------------------嘍囉卒老大--------------------嘍囉卒老二---------------------老三卒--------------------嘍囉卒老四--------------------嘍囉卒嘍囉卒-------------------嘍囉卒老五--------------------嘍囉卒老六--------------------嘍囉卒老七-------------------蝎子卒嘍囉卒蛇精卒爺爺------------------------------
----------------------------------嘍囉卒老大--------------------嘍囉卒老二---------------------老三卒--------------------嘍囉卒老四--------------------嘍囉卒嘍囉卒-------------------嘍囉卒老五--------------------嘍囉卒老六--------------------嘍囉卒老七-------------------蝎子卒嘍囉卒蛇精卒爺爺------------------------------
----------------------------------嘍囉卒老大--------------------嘍囉卒老二---------------------老三卒--------------------嘍囉卒老四--------------------嘍囉卒嘍囉卒-------------------嘍囉卒老五--------------------嘍囉卒老六--------------------嘍囉卒老七-------------------蝎子卒嘍囉卒蛇精卒爺爺------------------------------
----------------------------------嘍囉卒老大--------------------嘍囉卒老二---------------------老三卒--------------------嘍囉卒老四--------------------嘍囉卒嘍囉卒-------------------嘍囉卒老五--------------------嘍囉卒老六--------------------嘍囉卒老七-------------------蝎子卒嘍囉卒蛇精卒爺爺------------------------------
----------------------------------嘍囉卒老大--------------------嘍囉卒老二---------------------老三卒--------------------嘍囉卒老四--------------------嘍囉卒嘍囉卒-------------------嘍囉卒老五--------------------嘍囉卒老六--------------------嘍囉卒老七-------------------蝎子卒嘍囉卒蛇精卒爺爺------------------------------
----------------------------------嘍囉卒老大--------------------嘍囉卒老二---------------------老三卒--------------------嘍囉卒老四--------------------嘍囉卒嘍囉卒-------------------嘍囉卒老五--------------------嘍囉卒老六--------------------嘍囉卒老七-------------------蝎子卒嘍囉卒蛇精卒爺爺------------------------------
----------------------------------嘍囉卒老大--------------------嘍囉卒老二---------------------老三卒--------------------嘍囉卒老四--------------------嘍囉卒嘍囉卒-------------------嘍囉卒老五--------------------嘍囉卒老六--------------------嘍囉卒老七-------------------蝎子卒嘍囉卒蛇精卒爺爺------------------------------
----------------------------------嘍囉卒老大--------------------嘍囉卒老二---------------------老三卒--------------------嘍囉卒老四--------------------嘍囉卒嘍囉卒-------------------嘍囉卒老五--------------------嘍囉卒老六--------------------嘍囉卒老七-------------------蝎子卒嘍囉卒蛇精卒爺爺------------------------------
----------------------------------嘍囉卒老大--------------------嘍囉卒老二---------------------老三卒--------------------嘍囉卒老四--------------------嘍囉卒嘍囉卒-------------------嘍囉卒老五--------------------嘍囉卒老六--------------------嘍囉卒老七-------------------蝎子卒嘍囉卒蛇精卒爺爺------------------------------
----------------------------------嘍囉卒老大--------------------嘍囉卒老二---------------------老三卒--------------------嘍囉卒老四--------------------嘍囉卒嘍囉卒-------------------嘍囉卒老五--------------------嘍囉卒老六--------------------嘍囉卒老七-------------------蝎子卒嘍囉卒蛇精卒爺爺------------------------------
----------------------------------嘍囉卒老大--------------------嘍囉卒老二---------------------老三卒--------------------嘍囉卒老四--------------------嘍囉卒嘍囉卒-------------------嘍囉卒老五--------------------嘍囉卒老六--------------------嘍囉卒老七-------------------蝎子卒嘍囉卒蛇精卒爺爺------------------------------
----------------------------------嘍囉卒老大--------------------嘍囉卒老二---------------------老三卒--------------------嘍囉卒老四--------------------嘍囉卒嘍囉卒-------------------嘍囉卒老五--------------------嘍囉卒老六--------------------嘍囉卒老七-------------------蝎子卒嘍囉卒蛇精卒爺爺------------------------------
----------------------------------嘍囉卒老大--------------------嘍囉卒老二---------------------老三卒--------------------嘍囉卒老四--------------------嘍囉卒嘍囉卒-------------------嘍囉卒老五--------------------嘍囉卒老六--------------------嘍囉卒老七-------------------蝎子卒嘍囉卒蛇精卒爺爺------------------------------
----------------------------------嘍囉卒老大--------------------嘍囉卒老二---------------------老三卒--------------------嘍囉卒老四--------------------嘍囉卒嘍囉卒-------------------嘍囉卒老五--------------------嘍囉卒老六--------------------嘍囉卒老七-------------------蝎子卒嘍囉卒蛇精卒爺爺------------------------------
----------------------------------嘍囉卒老大--------------------嘍囉卒老二---------------------老三卒--------------------嘍囉卒老四--------------------嘍囉卒嘍囉卒-------------------嘍囉卒老五--------------------嘍囉卒老六--------------------嘍囉卒老七-------------------蝎子卒嘍囉卒蛇精卒爺爺------------------------------
----------------------------------嘍囉卒老大--------------------嘍囉卒老二---------------------老三卒--------------------嘍囉卒老四--------------------嘍囉卒嘍囉卒-------------------嘍囉卒老五--------------------嘍囉卒老六--------------------嘍囉卒老七-------------------蝎子卒嘍囉卒蛇精卒爺爺------------------------------
----------------------------------嘍囉卒老大--------------------嘍囉卒老二---------------------老三卒--------------------嘍囉卒老四--------------------嘍囉卒嘍囉卒-------------------嘍囉卒老五--------------------嘍囉卒老六--------------------嘍囉卒老七-------------------蝎子卒嘍囉卒蛇精卒爺爺------------------------------
----------------------------------嘍囉卒老大--------------------嘍囉卒老二---------------------老三卒--------------------嘍囉卒老四--------------------嘍囉卒嘍囉卒-------------------嘍囉卒老五--------------------嘍囉卒老六--------------------嘍囉卒老七-------------------蝎子卒嘍囉卒蛇精卒爺爺------------------------------
----------------------------------嘍囉卒老大--------------------嘍囉卒老二---------------------老三卒--------------------嘍囉卒老四--------------------嘍囉卒嘍囉卒-------------------嘍囉卒老五--------------------嘍囉卒老六--------------------嘍囉卒老七-------------------蝎子卒嘍囉卒蛇精卒爺爺------------------------------
----------------------------------嘍囉卒老大--------------------嘍囉卒老二---------------------老三卒--------------------嘍囉卒老四--------------------嘍囉卒嘍囉卒-------------------嘍囉卒老五--------------------嘍囉卒老六--------------------嘍囉卒老七-------------------蝎子卒嘍囉卒蛇精卒爺爺------------------------------
----------------------------------嘍囉卒老大--------------------嘍囉卒老二---------------------老三卒--------------------嘍囉卒老四--------------------嘍囉卒嘍囉卒-------------------嘍囉卒老五--------------------嘍囉卒老六--------------------嘍囉卒老七-------------------蝎子卒嘍囉卒蛇精卒爺爺------------------------------
----------------------------------嘍囉卒老大--------------------嘍囉卒老二---------------------老三卒--------------------嘍囉卒老四--------------------嘍囉卒嘍囉卒-------------------嘍囉卒老五--------------------嘍囉卒老六--------------------嘍囉卒老七-------------------蝎子卒嘍囉卒蛇精卒爺爺------------------------------
----------------------------------嘍囉卒老大--------------------嘍囉卒老二---------------------老三卒--------------------嘍囉卒老四--------------------嘍囉卒嘍囉卒-------------------嘍囉卒老五--------------------嘍囉卒老六--------------------嘍囉卒老七-------------------蝎子卒嘍囉卒蛇精卒爺爺------------------------------
----------------------------------嘍囉卒老大--------------------嘍囉卒老二---------------------老三卒--------------------嘍囉卒老四--------------------嘍囉卒嘍囉卒-------------------嘍囉卒老五--------------------嘍囉卒老六--------------------嘍囉卒老七-------------------蝎子卒嘍囉卒蛇精卒爺爺------------------------------
----------------------------------嘍囉卒老大--------------------嘍囉卒老二---------------------老三卒--------------------嘍囉卒老四--------------------嘍囉卒嘍囉卒-------------------嘍囉卒老五--------------------嘍囉卒老六--------------------嘍囉卒老七-------------------蝎子卒嘍囉卒蛇精卒爺爺------------------------------
----------------------------------嘍囉卒老大--------------------嘍囉卒老二---------------------老三卒--------------------嘍囉卒老四--------------------嘍囉卒嘍囉卒-------------------嘍囉卒老五--------------------嘍囉卒老六--------------------嘍囉卒老七-------------------蝎子卒嘍囉卒蛇精卒爺爺------------------------------
----------------------------------嘍囉卒老大--------------------嘍囉卒老二---------------------老三卒--------------------嘍囉卒老四--------------------嘍囉卒嘍囉卒-------------------嘍囉卒老五--------------------嘍囉卒老六--------------------嘍囉卒老七-------------------蝎子卒嘍囉卒蛇精卒爺爺------------------------------
----------------------------------嘍囉卒老大--------------------嘍囉卒老二---------------------老三卒--------------------嘍囉卒老四--------------------嘍囉卒嘍囉卒-------------------嘍囉卒老五--------------------嘍囉卒老六--------------------嘍囉卒老七-------------------蝎子卒嘍囉卒蛇精卒爺爺------------------------------
----------------------------------嘍囉卒老大--------------------嘍囉卒老二---------------------老三卒--------------------嘍囉卒老四--------------------嘍囉卒嘍囉卒-------------------嘍囉卒老五--------------------嘍囉卒老六--------------------嘍囉卒老七-------------------蝎子卒嘍囉卒蛇精卒爺爺------------------------------
----------------------------------嘍囉卒老大--------------------嘍囉卒老二---------------------老三卒--------------------嘍囉卒老四--------------------嘍囉卒嘍囉卒-------------------嘍囉卒老五--------------------嘍囉卒老六--------------------嘍囉卒老七-------------------蝎子卒嘍囉卒蛇精卒爺爺------------------------------
----------------------------------嘍囉卒老大--------------------嘍囉卒老二---------------------老三卒--------------------嘍囉卒老四--------------------嘍囉卒嘍囉卒-------------------嘍囉卒老五--------------------嘍囉卒老六--------------------嘍囉卒老七-------------------蝎子卒嘍囉卒蛇精卒爺爺------------------------------
----------------------------------嘍囉卒老大--------------------嘍囉卒老二---------------------老三卒--------------------嘍囉卒老四--------------------嘍囉卒嘍囉卒-------------------嘍囉卒老五--------------------嘍囉卒老六--------------------嘍囉卒老七-------------------蝎子卒嘍囉卒蛇精卒爺爺------------------------------
----------------------------------嘍囉卒老大--------------------嘍囉卒老二---------------------老三卒--------------------嘍囉卒老四--------------------嘍囉卒嘍囉卒-------------------嘍囉卒老五--------------------嘍囉卒老六--------------------嘍囉卒老七-------------------蝎子卒嘍囉卒蛇精卒爺爺------------------------------
----------------------------------嘍囉卒老大--------------------嘍囉卒老二---------------------老三卒--------------------嘍囉卒老四--------------------嘍囉卒嘍囉卒-------------------嘍囉卒老五--------------------嘍囉卒老六--------------------嘍囉卒老七-------------------蝎子卒嘍囉卒蛇精卒爺爺------------------------------
----------------------------------嘍囉卒老大--------------------嘍囉卒老二---------------------老三卒--------------------嘍囉卒老四--------------------嘍囉卒嘍囉卒-------------------嘍囉卒老五--------------------嘍囉卒老六--------------------嘍囉卒老七-------------------蝎子卒嘍囉卒蛇精卒爺爺------------------------------
----------------------------------嘍囉卒老大--------------------嘍囉卒老二---------------------老三卒--------------------嘍囉卒老四--------------------嘍囉卒嘍囉卒-------------------嘍囉卒老五--------------------嘍囉卒老六--------------------嘍囉卒老七-------------------蝎子卒嘍囉卒蛇精卒爺爺------------------------------
----------------------------------嘍囉卒老大--------------------嘍囉卒老二---------------------老三卒--------------------嘍囉卒老四--------------------嘍囉卒嘍囉卒-------------------嘍囉卒老五--------------------嘍囉卒老六--------------------嘍囉卒老七-------------------蝎子卒嘍囉卒蛇精卒爺爺------------------------------
----------------------------------嘍囉卒老大--------------------嘍囉卒老二---------------------老三卒--------------------嘍囉卒老四--------------------嘍囉卒嘍囉卒-------------------嘍囉卒老五--------------------嘍囉卒老六--------------------嘍囉卒老七-------------------蝎子卒嘍囉卒蛇精卒爺爺------------------------------
----------------------------------嘍囉卒老大--------------------嘍囉卒老二---------------------老三卒--------------------嘍囉卒老四--------------------嘍囉卒嘍囉卒-------------------嘍囉卒老五--------------------嘍囉卒老六--------------------嘍囉卒老七-------------------蝎子卒嘍囉卒蛇精卒爺爺------------------------------
----------------------------------嘍囉卒老大--------------------嘍囉卒老二---------------------老三卒--------------------嘍囉卒老四--------------------嘍囉卒嘍囉卒-------------------嘍囉卒老五--------------------嘍囉卒老六--------------------嘍囉卒老七-------------------蝎子卒嘍囉卒蛇精卒爺爺------------------------------
----------------------------------嘍囉卒老大--------------------嘍囉卒老二---------------------老三卒--------------------嘍囉卒老四--------------------嘍囉卒嘍囉卒-------------------嘍囉卒老五--------------------嘍囉卒老六--------------------嘍囉卒老七-------------------蝎子卒嘍囉卒蛇精卒爺爺------------------------------
----------------------------------嘍囉卒老大--------------------嘍囉卒老二---------------------老三卒--------------------嘍囉卒老四--------------------嘍囉卒嘍囉卒-------------------嘍囉卒老五--------------------嘍囉卒老六--------------------嘍囉卒老七-------------------蝎子卒嘍囉卒蛇精卒爺爺------------------------------
----------------------------------嘍囉卒老大--------------------嘍囉卒老二---------------------老三卒--------------------嘍囉卒老四--------------------嘍囉卒嘍囉卒-------------------嘍囉卒老五--------------------嘍囉卒老六--------------------嘍囉卒老七-------------------蝎子卒嘍囉卒蛇精卒爺爺------------------------------
----------------------------------嘍囉卒老大--------------------嘍囉卒老二---------------------老三卒--------------------嘍囉卒老四--------------------嘍囉卒嘍囉卒-------------------嘍囉卒老五--------------------嘍囉卒老六--------------------嘍囉卒老七-------------------蝎子卒嘍囉卒蛇精卒爺爺------------------------------
----------------------------------嘍囉卒老大--------------------嘍囉卒老二---------------------老三卒--------------------嘍囉卒老四--------------------嘍囉卒嘍囉卒-------------------嘍囉卒老五--------------------嘍囉卒老六--------------------嘍囉卒老七-------------------蝎子卒嘍囉卒蛇精卒爺爺------------------------------
----------------------------------嘍囉卒老大--------------------嘍囉卒老二---------------------老三卒--------------------嘍囉卒老四--------------------嘍囉卒嘍囉卒-------------------嘍囉卒老五--------------------嘍囉卒老六--------------------嘍囉卒老七-------------------蝎子卒嘍囉卒蛇精卒爺爺------------------------------
----------------------------------嘍囉卒老大--------------------嘍囉卒老二---------------------老三卒--------------------嘍囉卒老四--------------------嘍囉卒嘍囉卒-------------------嘍囉卒老五--------------------嘍囉卒老六--------------------嘍囉卒老七-------------------蝎子卒嘍囉卒蛇精卒爺爺------------------------------
----------------------------------嘍囉卒老大--------------------嘍囉卒老二---------------------老三卒--------------------嘍囉卒老四--------------------嘍囉卒嘍囉卒-------------------嘍囉卒老五--------------------嘍囉卒老六--------------------嘍囉卒老七-------------------蝎子卒嘍囉卒蛇精卒爺爺------------------------------
----------------------------------嘍囉卒老大--------------------嘍囉卒老二---------------------老三卒--------------------嘍囉卒老四--------------------嘍囉卒嘍囉卒-------------------嘍囉卒老五--------------------嘍囉卒老六--------------------嘍囉卒老七-------------------蝎子卒嘍囉卒蛇精卒爺爺------------------------------
----------------------------------嘍囉卒老大--------------------嘍囉卒老二---------------------老三卒--------------------嘍囉卒老四--------------------嘍囉卒嘍囉卒-------------------嘍囉卒老五--------------------嘍囉卒老六--------------------嘍囉卒老七-------------------蝎子卒嘍囉卒蛇精卒爺爺------------------------------
----------------------------------嘍囉卒老大--------------------嘍囉卒老二---------------------老三卒--------------------嘍囉卒老四--------------------嘍囉卒嘍囉卒-------------------嘍囉卒老五--------------------嘍囉卒老六--------------------嘍囉卒老七-------------------蝎子卒嘍囉卒蛇精卒爺爺------------------------------
----------------------------------嘍囉卒老大--------------------嘍囉卒老二---------------------老三卒--------------------嘍囉卒老四--------------------嘍囉卒嘍囉卒-------------------嘍囉卒老五--------------------嘍囉卒老六--------------------嘍囉卒老七-------------------蝎子卒嘍囉卒蛇精卒爺爺------------------------------
----------------------------------嘍囉卒老大--------------------嘍囉卒老二---------------------老三卒--------------------嘍囉卒老四--------------------嘍囉卒嘍囉卒-------------------嘍囉卒老五--------------------嘍囉卒老六--------------------嘍囉卒老七-------------------蝎子卒嘍囉卒蛇精卒爺爺------------------------------
----------------------------------嘍囉卒老大--------------------嘍囉卒老二---------------------老三卒--------------------嘍囉卒老四--------------------嘍囉卒嘍囉卒-------------------嘍囉卒老五--------------------嘍囉卒老六--------------------嘍囉卒老七-------------------蝎子卒嘍囉卒蛇精卒爺爺------------------------------
----------------------------------嘍囉卒老大--------------------嘍囉卒老二---------------------老三卒--------------------嘍囉卒老四--------------------嘍囉卒嘍囉卒-------------------嘍囉卒老五--------------------嘍囉卒老六--------------------嘍囉卒老七-------------------蝎子卒嘍囉卒蛇精卒爺爺------------------------------
----------------------------------嘍囉卒老大--------------------嘍囉卒老二---------------------老三卒--------------------嘍囉卒老四--------------------嘍囉卒嘍囉卒-------------------嘍囉卒老五--------------------嘍囉卒老六--------------------嘍囉卒老七-------------------蝎子卒嘍囉卒蛇精卒爺爺------------------------------
----------------------------------嘍囉卒老大--------------------嘍囉卒老二---------------------老三卒--------------------嘍囉卒老四--------------------嘍囉卒嘍囉卒-------------------嘍囉卒老五--------------------嘍囉卒老六--------------------嘍囉卒老七-------------------蝎子卒嘍囉卒蛇精卒爺爺------------------------------
----------------------------------嘍囉卒老大--------------------嘍囉卒老二---------------------老三卒--------------------嘍囉卒老四--------------------嘍囉卒嘍囉卒-------------------嘍囉卒老五--------------------嘍囉卒老六--------------------嘍囉卒老七-------------------蝎子卒嘍囉卒蛇精卒爺爺------------------------------
----------------------------------嘍囉卒老大--------------------嘍囉卒老二---------------------老三卒--------------------嘍囉卒老四--------------------嘍囉卒嘍囉卒-------------------嘍囉卒老五--------------------嘍囉卒老六--------------------嘍囉卒老七-------------------蝎子卒嘍囉卒蛇精卒爺爺------------------------------
----------------------------------嘍囉卒老大--------------------嘍囉卒老二---------------------老三卒--------------------嘍囉卒老四--------------------嘍囉卒嘍囉卒-------------------嘍囉卒老五--------------------嘍囉卒老六--------------------嘍囉卒老七-------------------蝎子卒嘍囉卒蛇精卒爺爺------------------------------
----------------------------------嘍囉卒老大--------------------嘍囉卒老二---------------------老三卒--------------------嘍囉卒老四--------------------嘍囉卒嘍囉卒-------------------嘍囉卒老五--------------------嘍囉卒老六--------------------嘍囉卒老七-------------------蝎子卒嘍囉卒蛇精卒爺爺------------------------------
----------------------------------嘍囉卒老大--------------------嘍囉卒老二---------------------老三卒--------------------嘍囉卒老四--------------------嘍囉卒嘍囉卒-------------------嘍囉卒老五--------------------嘍囉卒老六--------------------嘍囉卒老七-------------------蝎子卒嘍囉卒蛇精卒爺爺------------------------------
----------------------------------嘍囉卒老大--------------------嘍囉卒老二---------------------老三卒--------------------嘍囉卒老四--------------------嘍囉卒嘍囉卒-------------------嘍囉卒老五--------------------嘍囉卒老六--------------------嘍囉卒老七-------------------蝎子卒嘍囉卒蛇精卒爺爺------------------------------
----------------------------------嘍囉卒老大--------------------嘍囉卒老二---------------------老三卒--------------------嘍囉卒老四--------------------嘍囉卒嘍囉卒-------------------嘍囉卒老五--------------------嘍囉卒老六--------------------嘍囉卒老七-------------------蝎子卒嘍囉卒蛇精卒爺爺------------------------------
----------------------------------嘍囉卒老大--------------------嘍囉卒老二---------------------老三卒--------------------嘍囉卒老四--------------------嘍囉卒嘍囉卒-------------------嘍囉卒老五--------------------嘍囉卒老六--------------------嘍囉卒老七-------------------蝎子卒嘍囉卒蛇精卒爺爺------------------------------
----------------------------------嘍囉卒老大--------------------嘍囉卒老二---------------------老三卒--------------------嘍囉卒老四--------------------嘍囉卒嘍囉卒-------------------嘍囉卒老五--------------------嘍囉卒老六--------------------嘍囉卒老七-------------------蝎子卒嘍囉卒蛇精卒爺爺------------------------------
----------------------------------嘍囉卒老大--------------------嘍囉卒老二---------------------老三卒--------------------嘍囉卒老四--------------------嘍囉卒嘍囉卒-------------------嘍囉卒老五--------------------嘍囉卒老六--------------------嘍囉卒老七-------------------蝎子卒嘍囉卒蛇精卒爺爺------------------------------
----------------------------------嘍囉卒老大--------------------嘍囉卒老二---------------------老三卒--------------------嘍囉卒老四--------------------嘍囉卒嘍囉卒-------------------嘍囉卒老五--------------------嘍囉卒老六--------------------嘍囉卒老七-------------------蝎子卒嘍囉卒蛇精卒爺爺------------------------------
----------------------------------嘍囉卒老大--------------------嘍囉卒老二---------------------老三卒--------------------嘍囉卒老四--------------------嘍囉卒嘍囉卒-------------------嘍囉卒老五--------------------嘍囉卒老六--------------------嘍囉卒老七-------------------蝎子卒嘍囉卒蛇精卒爺爺------------------------------
----------------------------------嘍囉卒老大--------------------嘍囉卒老二---------------------老三卒--------------------嘍囉卒老四--------------------嘍囉卒嘍囉卒-------------------嘍囉卒老五--------------------嘍囉卒老六--------------------嘍囉卒老七-------------------蝎子卒嘍囉卒蛇精卒爺爺------------------------------
----------------------------------嘍囉卒老大--------------------嘍囉卒老二---------------------老三卒--------------------嘍囉卒老四--------------------嘍囉卒嘍囉卒-------------------嘍囉卒老五--------------------嘍囉卒老六--------------------嘍囉卒老七-------------------蝎子卒嘍囉卒蛇精卒爺爺------------------------------
----------------------------------嘍囉卒老大--------------------嘍囉卒老二---------------------老三卒--------------------嘍囉卒老四--------------------嘍囉卒嘍囉卒-------------------嘍囉卒老五--------------------嘍囉卒老六--------------------嘍囉卒老七-------------------蝎子卒嘍囉卒蛇精卒爺爺------------------------------
----------------------------------嘍囉卒老大--------------------嘍囉卒老二---------------------老三卒--------------------嘍囉卒老四--------------------嘍囉卒嘍囉卒-------------------嘍囉卒老五--------------------嘍囉卒老六--------------------嘍囉卒老七-------------------蝎子卒嘍囉卒蛇精卒爺爺------------------------------
----------------------------------嘍囉卒老大--------------------嘍囉卒老二---------------------老三卒--------------------嘍囉卒老四--------------------嘍囉卒嘍囉卒-------------------嘍囉卒老五--------------------嘍囉卒老六--------------------嘍囉卒老七-------------------蝎子卒嘍囉卒蛇精卒爺爺------------------------------
----------------------------------嘍囉卒老大--------------------嘍囉卒老二---------------------老三卒--------------------嘍囉卒老四--------------------嘍囉卒嘍囉卒-------------------嘍囉卒老五--------------------嘍囉卒老六--------------------嘍囉卒老七-------------------蝎子卒嘍囉卒蛇精卒爺爺------------------------------
----------------------------------嘍囉卒老大--------------------嘍囉卒老二---------------------老三卒--------------------嘍囉卒老四--------------------嘍囉卒嘍囉卒-------------------嘍囉卒老五--------------------嘍囉卒老六--------------------嘍囉卒老七-------------------蝎子卒嘍囉卒蛇精卒爺爺------------------------------
----------------------------------嘍囉卒老大--------------------嘍囉卒老二---------------------老三卒--------------------嘍囉卒老四--------------------嘍囉卒嘍囉卒-------------------嘍囉卒老五--------------------嘍囉卒老六--------------------嘍囉卒老七-------------------蝎子卒嘍囉卒蛇精卒爺爺------------------------------
----------------------------------嘍囉卒老大--------------------嘍囉卒老二---------------------老三卒--------------------嘍囉卒老四--------------------嘍囉卒嘍囉卒-------------------嘍囉卒老五--------------------嘍囉卒老六--------------------嘍囉卒老七-------------------蝎子卒嘍囉卒蛇精卒爺爺------------------------------
----------------------------------嘍囉卒老大--------------------嘍囉卒老二---------------------老三卒--------------------嘍囉卒老四--------------------嘍囉卒嘍囉卒-------------------嘍囉卒老五--------------------嘍囉卒老六--------------------嘍囉卒老七-------------------蝎子卒嘍囉卒蛇精卒爺爺------------------------------
----------------------------------嘍囉卒老大--------------------嘍囉卒老二---------------------老三卒--------------------嘍囉卒老四--------------------嘍囉卒嘍囉卒-------------------嘍囉卒老五--------------------嘍囉卒老六--------------------嘍囉卒老七-------------------蝎子卒嘍囉卒蛇精卒爺爺------------------------------
----------------------------------嘍囉卒老大--------------------嘍囉卒老二---------------------老三卒--------------------嘍囉卒老四--------------------嘍囉卒嘍囉卒-------------------嘍囉卒老五--------------------嘍囉卒老六--------------------嘍囉卒老七-------------------蝎子卒嘍囉卒蛇精卒爺爺------------------------------
----------------------------------嘍囉卒老大--------------------嘍囉卒老二---------------------老三卒--------------------嘍囉卒老四--------------------嘍囉卒嘍囉卒-------------------嘍囉卒老五--------------------嘍囉卒老六--------------------嘍囉卒老七-------------------蝎子卒嘍囉卒蛇精卒爺爺------------------------------
----------------------------------嘍囉卒老大--------------------嘍囉卒老二---------------------老三卒--------------------嘍囉卒老四--------------------嘍囉卒嘍囉卒-------------------嘍囉卒老五--------------------嘍囉卒老六--------------------嘍囉卒老七-------------------蝎子卒嘍囉卒蛇精卒爺爺------------------------------
----------------------------------嘍囉卒老大--------------------嘍囉卒老二---------------------老三卒--------------------嘍囉卒老四--------------------嘍囉卒嘍囉卒-------------------嘍囉卒老五--------------------嘍囉卒老六--------------------嘍囉卒老七-------------------蝎子卒嘍囉卒蛇精卒爺爺------------------------------
----------------------------------嘍囉卒老大--------------------嘍囉卒老二---------------------老三卒--------------------嘍囉卒老四--------------------嘍囉卒嘍囉卒-------------------嘍囉卒老五--------------------嘍囉卒老六--------------------嘍囉卒老七-------------------蝎子卒嘍囉卒蛇精卒爺爺------------------------------
----------------------------------嘍囉卒老大--------------------嘍囉卒老二---------------------老三卒--------------------嘍囉卒老四--------------------嘍囉卒嘍囉卒-------------------嘍囉卒老五--------------------嘍囉卒老六--------------------嘍囉卒老七-------------------蝎子卒嘍囉卒蛇精卒爺爺------------------------------
----------------------------------嘍囉卒老大--------------------嘍囉卒老二---------------------老三卒--------------------嘍囉卒老四--------------------嘍囉卒嘍囉卒-------------------嘍囉卒老五--------------------嘍囉卒老六--------------------嘍囉卒老七-------------------蝎子卒嘍囉卒蛇精卒爺爺------------------------------
----------------------------------嘍囉卒老大--------------------嘍囉卒老二---------------------老三卒--------------------嘍囉卒老四--------------------嘍囉卒嘍囉卒-------------------嘍囉卒老五--------------------嘍囉卒老六--------------------嘍囉卒老七-------------------蝎子卒嘍囉卒蛇精卒爺爺------------------------------
----------------------------------嘍囉卒老大--------------------嘍囉卒老二---------------------老三卒--------------------嘍囉卒老四--------------------嘍囉卒嘍囉卒-------------------嘍囉卒老五--------------------嘍囉卒老六--------------------嘍囉卒老七-------------------蝎子卒嘍囉卒蛇精卒爺爺------------------------------
----------------------------------嘍囉卒老大--------------------嘍囉卒老二---------------------老三卒--------------------嘍囉卒老四--------------------嘍囉卒嘍囉卒-------------------嘍囉卒老五--------------------嘍囉卒老六--------------------嘍囉卒老七-------------------蝎子卒嘍囉卒蛇精卒爺爺------------------------------
----------------------------------嘍囉卒老大--------------------嘍囉卒老二---------------------老三卒--------------------嘍囉卒老四--------------------嘍囉卒嘍囉卒-------------------嘍囉卒老五--------------------嘍囉卒老六--------------------嘍囉卒老七-------------------蝎子卒嘍囉卒蛇精卒爺爺------------------------------
----------------------------------嘍囉卒老大--------------------嘍囉卒老二---------------------老三卒--------------------嘍囉卒老四--------------------嘍囉卒嘍囉卒-------------------嘍囉卒老五--------------------嘍囉卒老六--------------------嘍囉卒老七-------------------蝎子卒嘍囉卒蛇精卒爺爺------------------------------
----------------------------------嘍囉卒老大--------------------嘍囉卒老二---------------------老三卒--------------------嘍囉卒老四--------------------嘍囉卒嘍囉卒-------------------嘍囉卒老五--------------------嘍囉卒老六--------------------嘍囉卒老七-------------------蝎子卒嘍囉卒蛇精卒爺爺------------------------------
----------------------------------嘍囉卒老大--------------------嘍囉卒老二---------------------老三卒--------------------嘍囉卒老四--------------------嘍囉卒嘍囉卒-------------------嘍囉卒老五--------------------嘍囉卒老六--------------------嘍囉卒老七-------------------蝎子卒嘍囉卒蛇精卒爺爺------------------------------
----------------------------------嘍囉卒老大--------------------嘍囉卒老二---------------------老三卒--------------------嘍囉卒老四--------------------嘍囉卒嘍囉卒-------------------嘍囉卒老五--------------------嘍囉卒老六--------------------嘍囉卒老七-------------------蝎子卒嘍囉卒蛇精卒爺爺------------------------------
----------------------------------嘍囉卒老大--------------------嘍囉卒老二---------------------老三卒--------------------嘍囉卒老四--------------------嘍囉卒嘍囉卒-------------------嘍囉卒老五--------------------嘍囉卒老六--------------------嘍囉卒老七-------------------蝎子卒嘍囉卒蛇精卒爺爺------------------------------
----------------------------------嘍囉卒老大--------------------嘍囉卒老二---------------------老三卒--------------------嘍囉卒老四--------------------嘍囉卒嘍囉卒-------------------嘍囉卒老五--------------------嘍囉卒老六--------------------嘍囉卒老七-------------------蝎子卒嘍囉卒蛇精卒爺爺------------------------------
----------------------------------嘍囉卒老大--------------------嘍囉卒老二---------------------老三卒--------------------嘍囉卒老四--------------------嘍囉卒嘍囉卒-------------------嘍囉卒老五--------------------嘍囉卒老六--------------------嘍囉卒老七-------------------蝎子卒嘍囉卒蛇精卒爺爺------------------------------
----------------------------------嘍囉卒老大--------------------嘍囉卒老二---------------------老三卒--------------------嘍囉卒老四--------------------嘍囉卒嘍囉卒-------------------嘍囉卒老五--------------------嘍囉卒老六--------------------嘍囉卒老七-------------------蝎子卒嘍囉卒蛇精卒爺爺------------------------------
----------------------------------嘍囉卒老大--------------------嘍囉卒老二---------------------老三卒--------------------嘍囉卒老四--------------------嘍囉卒嘍囉卒-------------------嘍囉卒老五--------------------嘍囉卒老六--------------------嘍囉卒老七-------------------蝎子卒嘍囉卒蛇精卒爺爺------------------------------
----------------------------------嘍囉卒老大--------------------嘍囉卒老二---------------------老三卒--------------------嘍囉卒老四--------------------嘍囉卒嘍囉卒-------------------嘍囉卒老五--------------------嘍囉卒老六--------------------嘍囉卒老七-------------------蝎子卒嘍囉卒蛇精卒爺爺------------------------------
----------------------------------嘍囉卒老大--------------------嘍囉卒老二---------------------老三卒--------------------嘍囉卒老四--------------------嘍囉卒嘍囉卒-------------------嘍囉卒老五--------------------嘍囉卒老六--------------------嘍囉卒老七-------------------蝎子卒嘍囉卒蛇精卒爺爺------------------------------
----------------------------------嘍囉卒老大--------------------嘍囉卒老二---------------------老三卒--------------------嘍囉卒老四--------------------嘍囉卒嘍囉卒-------------------嘍囉卒老五--------------------嘍囉卒老六--------------------嘍囉卒老七-------------------蝎子卒嘍囉卒蛇精卒爺爺------------------------------
